<?xml version="1.0" encoding="UTF-8"?>
<!-- Generated by org.testng.reporters.JUnitXMLReporter -->
<testsuite ignored="0" hostname="KARNA" failures="1" tests="11" name="Test" time="181.997" errors="0" timestamp="07 Mar 2024 11:33:25 GMT">
  <testcase classname="com.cps.qa.testCases.CustomerTransactionPage_Test" name="Verify_Deposit_With_ValideAmmount" time="21.59">
    <failure type="org.openqa.selenium.NoSuchElementException" message="Unable to locate element: //tbody[1]/tr[1]/td[1]
For documentation on this error, please visit: http://seleniumhq.org/exceptions/no_such_element.html
Build info: version: &amp;apos;3.14.0&amp;apos;, revision: &amp;apos;aacccce0&amp;apos;, time: &amp;apos;2018-08-02T20:19:58.91Z&amp;apos;
System info: host: &amp;apos;KARNA&amp;apos;, ip: &amp;apos;192.168.233.91&amp;apos;, os.name: &amp;apos;Windows 10&amp;apos;, os.arch: &amp;apos;amd64&amp;apos;, os.version: &amp;apos;10.0&amp;apos;, java.version: &amp;apos;17.0.4.1&amp;apos;
Driver info: org.openqa.selenium.firefox.FirefoxDriver
Capabilities {acceptInsecureCerts: true, browserName: firefox, browserVersion: 123.0.1, javascriptEnabled: true, moz:accessibilityChecks: false, moz:buildID: 20240304104836, moz:geckodriverVersion: 0.34.0, moz:headless: false, moz:platformVersion: 10.0, moz:processID: 5272, moz:profile: C:\Users\dell\AppData\Local..., moz:shutdownTimeout: 60000, moz:webdriverClick: true, moz:windowless: false, pageLoadStrategy: normal, platform: WINDOWS, platformName: WINDOWS, proxy: Proxy(), setWindowRect: true, strictFileInteractability: false, timeouts: {implicit: 0, pageLoad: 300000, script: 30000}, unhandledPromptBehavior: dismiss and notify}
Session ID: 112a1039-e72d-4332-94d8-14d0ef60b8e5
*** Element info: {Using=xpath, value=//tbody[1]/tr[1]/td[1]}">
      <![CDATA[org.openqa.selenium.NoSuchElementException: Unable to locate element: //tbody[1]/tr[1]/td[1]
For documentation on this error, please visit: http://seleniumhq.org/exceptions/no_such_element.html
Build info: version: '3.14.0', revision: 'aacccce0', time: '2018-08-02T20:19:58.91Z'
System info: host: 'KARNA', ip: '192.168.233.91', os.name: 'Windows 10', os.arch: 'amd64', os.version: '10.0', java.version: '17.0.4.1'
Driver info: org.openqa.selenium.firefox.FirefoxDriver
Capabilities {acceptInsecureCerts: true, browserName: firefox, browserVersion: 123.0.1, javascriptEnabled: true, moz:accessibilityChecks: false, moz:buildID: 20240304104836, moz:geckodriverVersion: 0.34.0, moz:headless: false, moz:platformVersion: 10.0, moz:processID: 5272, moz:profile: C:\Users\dell\AppData\Local..., moz:shutdownTimeout: 60000, moz:webdriverClick: true, moz:windowless: false, pageLoadStrategy: normal, platform: WINDOWS, platformName: WINDOWS, proxy: Proxy(), setWindowRect: true, strictFileInteractability: false, timeouts: {implicit: 0, pageLoad: 300000, script: 30000}, unhandledPromptBehavior: dismiss and notify}
Session ID: 112a1039-e72d-4332-94d8-14d0ef60b8e5
*** Element info: {Using=xpath, value=//tbody[1]/tr[1]/td[1]}
	at org.openqa.selenium.remote.http.W3CHttpResponseCodec.createException(W3CHttpResponseCodec.java:187)
	at org.openqa.selenium.remote.http.W3CHttpResponseCodec.decode(W3CHttpResponseCodec.java:122)
	at org.openqa.selenium.remote.http.W3CHttpResponseCodec.decode(W3CHttpResponseCodec.java:49)
	at org.openqa.selenium.remote.HttpCommandExecutor.execute(HttpCommandExecutor.java:158)
	at org.openqa.selenium.remote.service.DriverCommandExecutor.execute(DriverCommandExecutor.java:83)
	at org.openqa.selenium.remote.RemoteWebDriver.execute(RemoteWebDriver.java:548)
	at org.openqa.selenium.remote.RemoteWebDriver.findElement(RemoteWebDriver.java:322)
	at org.openqa.selenium.remote.RemoteWebDriver.findElementByXPath(RemoteWebDriver.java:424)
	at org.openqa.selenium.By$ByXPath.findElement(By.java:353)
	at org.openqa.selenium.remote.RemoteWebDriver.findElement(RemoteWebDriver.java:314)
	at org.openqa.selenium.support.events.EventFiringWebDriver.lambda$new$1(EventFiringWebDriver.java:105)
	at jdk.proxy2/jdk.proxy2.$Proxy8.findElement(Unknown Source)
	at org.openqa.selenium.support.events.EventFiringWebDriver.findElement(EventFiringWebDriver.java:194)
	at org.openqa.selenium.support.pagefactory.DefaultElementLocator.findElement(DefaultElementLocator.java:69)
	at org.openqa.selenium.support.pagefactory.internal.LocatingElementHandler.invoke(LocatingElementHandler.java:38)
	at jdk.proxy2/jdk.proxy2.$Proxy12.getText(Unknown Source)
	at com.cps.qa.pages.CustomerTransactionPage.Filter(CustomerTransactionPage.java:54)
	at com.cps.qa.testCases.CustomerTransactionPage_Test.Verify_Deposit_With_ValideAmmount(CustomerTransactionPage_Test.java:45)
... Removed 38 stack frames]]>
    </failure>
  </testcase> <!-- Verify_Deposit_With_ValideAmmount -->
  <testcase classname="com.cps.qa.testCases.CustomerLogin_Test" name="customerlogin" time="1.924"/>
  <testcase classname="com.cps.qa.testCases.CustomersPage_Test" name="DeleteCustomerEntry" time="0.984"/>
  <testcase classname="com.cps.qa.testCases.AddCustomerPage_Test" name="AddCustomer_NotExist" time="1.029"/>
  <testcase classname="com.cps.qa.testCases.OpenAccountPage_Test" name="OpenAccount" time="12.459"/>
  <testcase classname="com.cps.qa.testCases.AccountPage_Test" name="Verify_Deposit_With_ValideAmmount" time="2.855"/>
  <testcase classname="com.cps.qa.testCases.AddCustomerPage_Test" name="AddCustomer_Exist" time="2.656"/>
  <testcase classname="com.cps.qa.testCases.AccountPage_Test" name="Verify_Deposit_With_InValideAmmount" time="2.814"/>
  <testcase classname="com.cps.qa.testCases.AccountPage_Test" name="Verify_Withdraw_With_ValideAmmount" time="13.495"/>
  <testcase classname="com.cps.qa.testCases.AccountPage_Test" name="Verify_Withdraw_With_InValideAmmount" time="11.719"/>
  <testcase classname="com.cps.qa.testCases.AccountPage_Test" name="Verify_Withdraw_With_InSufficient" time="13.526"/>
</testsuite> <!-- Test -->
