<?xml version="1.0" encoding="UTF-8"?>
<testsuite xmlns:xsi="http://www.w3.org/2001/XMLSchema-instance" xsi:noNamespaceSchemaLocation="https://maven.apache.org/surefire/maven-surefire-plugin/xsd/surefire-test-report.xsd" name="TestSuite" time="184.544" tests="11" errors="0" skipped="0" failures="1">
  <properties>
    <property name="java.specification.version" value="17"/>
    <property name="sun.cpu.isalist" value="amd64"/>
    <property name="sun.jnu.encoding" value="Cp1252"/>
    <property name="java.class.path" value="C:\Users\dell\eclipse-workspace1\CapstoneProject\target\test-classes;C:\Users\dell\eclipse-workspace1\CapstoneProject\target\classes;C:\Users\dell\.m2\repository\org\seleniumhq\selenium\selenium-java\3.14.0\selenium-java-3.14.0.jar;C:\Users\dell\.m2\repository\org\seleniumhq\selenium\selenium-api\3.14.0\selenium-api-3.14.0.jar;C:\Users\dell\.m2\repository\org\seleniumhq\selenium\selenium-chrome-driver\3.14.0\selenium-chrome-driver-3.14.0.jar;C:\Users\dell\.m2\repository\org\seleniumhq\selenium\selenium-edge-driver\3.14.0\selenium-edge-driver-3.14.0.jar;C:\Users\dell\.m2\repository\org\seleniumhq\selenium\selenium-firefox-driver\3.14.0\selenium-firefox-driver-3.14.0.jar;C:\Users\dell\.m2\repository\org\seleniumhq\selenium\selenium-ie-driver\3.14.0\selenium-ie-driver-3.14.0.jar;C:\Users\dell\.m2\repository\org\seleniumhq\selenium\selenium-opera-driver\3.14.0\selenium-opera-driver-3.14.0.jar;C:\Users\dell\.m2\repository\org\seleniumhq\selenium\selenium-remote-driver\3.14.0\selenium-remote-driver-3.14.0.jar;C:\Users\dell\.m2\repository\org\seleniumhq\selenium\selenium-safari-driver\3.14.0\selenium-safari-driver-3.14.0.jar;C:\Users\dell\.m2\repository\org\seleniumhq\selenium\selenium-support\3.14.0\selenium-support-3.14.0.jar;C:\Users\dell\.m2\repository\net\bytebuddy\byte-buddy\1.8.15\byte-buddy-1.8.15.jar;C:\Users\dell\.m2\repository\org\apache\commons\commons-exec\1.3\commons-exec-1.3.jar;C:\Users\dell\.m2\repository\commons-codec\commons-codec\1.10\commons-codec-1.10.jar;C:\Users\dell\.m2\repository\commons-logging\commons-logging\1.2\commons-logging-1.2.jar;C:\Users\dell\.m2\repository\com\google\guava\guava\25.0-jre\guava-25.0-jre.jar;C:\Users\dell\.m2\repository\com\google\code\findbugs\jsr305\1.3.9\jsr305-1.3.9.jar;C:\Users\dell\.m2\repository\org\checkerframework\checker-compat-qual\2.0.0\checker-compat-qual-2.0.0.jar;C:\Users\dell\.m2\repository\com\google\errorprone\error_prone_annotations\2.1.3\error_prone_annotations-2.1.3.jar;C:\Users\dell\.m2\repository\com\google\j2objc\j2objc-annotations\1.1\j2objc-annotations-1.1.jar;C:\Users\dell\.m2\repository\org\codehaus\mojo\animal-sniffer-annotations\1.14\animal-sniffer-annotations-1.14.jar;C:\Users\dell\.m2\repository\org\apache\httpcomponents\httpclient\4.5.5\httpclient-4.5.5.jar;C:\Users\dell\.m2\repository\org\apache\httpcomponents\httpcore\4.4.9\httpcore-4.4.9.jar;C:\Users\dell\.m2\repository\com\squareup\okhttp3\okhttp\3.10.0\okhttp-3.10.0.jar;C:\Users\dell\.m2\repository\com\squareup\okio\okio\1.14.1\okio-1.14.1.jar;C:\Users\dell\.m2\repository\org\testng\testng\6.11\testng-6.11.jar;C:\Users\dell\.m2\repository\com\beust\jcommander\1.64\jcommander-1.64.jar;C:\Users\dell\.m2\repository\org\yaml\snakeyaml\1.17\snakeyaml-1.17.jar;C:\Users\dell\.m2\repository\org\apache\poi\poi\3.9\poi-3.9.jar;C:\Users\dell\.m2\repository\org\apache\poi\poi-ooxml\3.9\poi-ooxml-3.9.jar;C:\Users\dell\.m2\repository\dom4j\dom4j\1.6.1\dom4j-1.6.1.jar;C:\Users\dell\.m2\repository\xml-apis\xml-apis\1.0.b2\xml-apis-1.0.b2.jar;C:\Users\dell\.m2\repository\org\apache\poi\poi-ooxml-schemas\3.9\poi-ooxml-schemas-3.9.jar;C:\Users\dell\.m2\repository\org\apache\xmlbeans\xmlbeans\2.3.0\xmlbeans-2.3.0.jar;C:\Users\dell\.m2\repository\stax\stax-api\1.0.1\stax-api-1.0.1.jar;C:\Users\dell\.m2\repository\org\apache\poi\poi-scratchpad\3.9\poi-scratchpad-3.9.jar;C:\Users\dell\.m2\repository\org\apache\poi\ooxml-schemas\1.1\ooxml-schemas-1.1.jar;C:\Users\dell\.m2\repository\org\apache\poi\openxml4j\1.0-beta\openxml4j-1.0-beta.jar;C:\Users\dell\.m2\repository\log4j\log4j\1.2.8\log4j-1.2.8.jar;C:\Users\dell\.m2\repository\com\relevantcodes\extentreports\2.41.2\extentreports-2.41.2.jar;C:\Users\dell\.m2\repository\org\jsoup\jsoup\1.8.3\jsoup-1.8.3.jar;C:\Users\dell\.m2\repository\org\xerial\sqlite-jdbc\3.8.11.1\sqlite-jdbc-3.8.11.1.jar;C:\Users\dell\.m2\repository\org\freemarker\freemarker\2.3.23\freemarker-2.3.23.jar;C:\Users\dell\.m2\repository\org\mongodb\mongodb-driver\3.0.4\mongodb-driver-3.0.4.jar;C:\Users\dell\.m2\repository\org\mongodb\bson\3.0.4\bson-3.0.4.jar;C:\Users\dell\.m2\repository\org\mongodb\mongodb-driver-core\3.0.4\mongodb-driver-core-3.0.4.jar;C:\Users\dell\.m2\repository\commons-io\commons-io\2.6\commons-io-2.6.jar;C:\Users\dell\.m2\repository\junit\junit\4.11\junit-4.11.jar;C:\Users\dell\.m2\repository\org\hamcrest\hamcrest-core\1.3\hamcrest-core-1.3.jar;"/>
    <property name="java.vm.vendor" value="Oracle Corporation"/>
    <property name="sun.arch.data.model" value="64"/>
    <property name="user.variant" value=""/>
    <property name="java.vendor.url" value="https://java.oracle.com/"/>
    <property name="user.timezone" value="Asia/Calcutta"/>
    <property name="os.name" value="Windows 10"/>
    <property name="java.vm.specification.version" value="17"/>
    <property name="sun.java.launcher" value="SUN_STANDARD"/>
    <property name="user.country" value="IN"/>
    <property name="sun.boot.library.path" value="C:\Program Files\Java\jdk-17.0.4.1\bin"/>
    <property name="sun.java.command" value="C:\Users\dell\AppData\Local\Temp\surefire12015507463862702349\surefirebooter4896599457863258163.jar C:\Users\dell\AppData\Local\Temp\surefire12015507463862702349 2024-03-07T17-00-21_311-jvmRun1 surefire9274522423809541998tmp surefire_015813686914909845214tmp"/>
    <property name="jdk.debug" value="release"/>
    <property name="surefire.test.class.path" value="C:\Users\dell\eclipse-workspace1\CapstoneProject\target\test-classes;C:\Users\dell\eclipse-workspace1\CapstoneProject\target\classes;C:\Users\dell\.m2\repository\org\seleniumhq\selenium\selenium-java\3.14.0\selenium-java-3.14.0.jar;C:\Users\dell\.m2\repository\org\seleniumhq\selenium\selenium-api\3.14.0\selenium-api-3.14.0.jar;C:\Users\dell\.m2\repository\org\seleniumhq\selenium\selenium-chrome-driver\3.14.0\selenium-chrome-driver-3.14.0.jar;C:\Users\dell\.m2\repository\org\seleniumhq\selenium\selenium-edge-driver\3.14.0\selenium-edge-driver-3.14.0.jar;C:\Users\dell\.m2\repository\org\seleniumhq\selenium\selenium-firefox-driver\3.14.0\selenium-firefox-driver-3.14.0.jar;C:\Users\dell\.m2\repository\org\seleniumhq\selenium\selenium-ie-driver\3.14.0\selenium-ie-driver-3.14.0.jar;C:\Users\dell\.m2\repository\org\seleniumhq\selenium\selenium-opera-driver\3.14.0\selenium-opera-driver-3.14.0.jar;C:\Users\dell\.m2\repository\org\seleniumhq\selenium\selenium-remote-driver\3.14.0\selenium-remote-driver-3.14.0.jar;C:\Users\dell\.m2\repository\org\seleniumhq\selenium\selenium-safari-driver\3.14.0\selenium-safari-driver-3.14.0.jar;C:\Users\dell\.m2\repository\org\seleniumhq\selenium\selenium-support\3.14.0\selenium-support-3.14.0.jar;C:\Users\dell\.m2\repository\net\bytebuddy\byte-buddy\1.8.15\byte-buddy-1.8.15.jar;C:\Users\dell\.m2\repository\org\apache\commons\commons-exec\1.3\commons-exec-1.3.jar;C:\Users\dell\.m2\repository\commons-codec\commons-codec\1.10\commons-codec-1.10.jar;C:\Users\dell\.m2\repository\commons-logging\commons-logging\1.2\commons-logging-1.2.jar;C:\Users\dell\.m2\repository\com\google\guava\guava\25.0-jre\guava-25.0-jre.jar;C:\Users\dell\.m2\repository\com\google\code\findbugs\jsr305\1.3.9\jsr305-1.3.9.jar;C:\Users\dell\.m2\repository\org\checkerframework\checker-compat-qual\2.0.0\checker-compat-qual-2.0.0.jar;C:\Users\dell\.m2\repository\com\google\errorprone\error_prone_annotations\2.1.3\error_prone_annotations-2.1.3.jar;C:\Users\dell\.m2\repository\com\google\j2objc\j2objc-annotations\1.1\j2objc-annotations-1.1.jar;C:\Users\dell\.m2\repository\org\codehaus\mojo\animal-sniffer-annotations\1.14\animal-sniffer-annotations-1.14.jar;C:\Users\dell\.m2\repository\org\apache\httpcomponents\httpclient\4.5.5\httpclient-4.5.5.jar;C:\Users\dell\.m2\repository\org\apache\httpcomponents\httpcore\4.4.9\httpcore-4.4.9.jar;C:\Users\dell\.m2\repository\com\squareup\okhttp3\okhttp\3.10.0\okhttp-3.10.0.jar;C:\Users\dell\.m2\repository\com\squareup\okio\okio\1.14.1\okio-1.14.1.jar;C:\Users\dell\.m2\repository\org\testng\testng\6.11\testng-6.11.jar;C:\Users\dell\.m2\repository\com\beust\jcommander\1.64\jcommander-1.64.jar;C:\Users\dell\.m2\repository\org\yaml\snakeyaml\1.17\snakeyaml-1.17.jar;C:\Users\dell\.m2\repository\org\apache\poi\poi\3.9\poi-3.9.jar;C:\Users\dell\.m2\repository\org\apache\poi\poi-ooxml\3.9\poi-ooxml-3.9.jar;C:\Users\dell\.m2\repository\dom4j\dom4j\1.6.1\dom4j-1.6.1.jar;C:\Users\dell\.m2\repository\xml-apis\xml-apis\1.0.b2\xml-apis-1.0.b2.jar;C:\Users\dell\.m2\repository\org\apache\poi\poi-ooxml-schemas\3.9\poi-ooxml-schemas-3.9.jar;C:\Users\dell\.m2\repository\org\apache\xmlbeans\xmlbeans\2.3.0\xmlbeans-2.3.0.jar;C:\Users\dell\.m2\repository\stax\stax-api\1.0.1\stax-api-1.0.1.jar;C:\Users\dell\.m2\repository\org\apache\poi\poi-scratchpad\3.9\poi-scratchpad-3.9.jar;C:\Users\dell\.m2\repository\org\apache\poi\ooxml-schemas\1.1\ooxml-schemas-1.1.jar;C:\Users\dell\.m2\repository\org\apache\poi\openxml4j\1.0-beta\openxml4j-1.0-beta.jar;C:\Users\dell\.m2\repository\log4j\log4j\1.2.8\log4j-1.2.8.jar;C:\Users\dell\.m2\repository\com\relevantcodes\extentreports\2.41.2\extentreports-2.41.2.jar;C:\Users\dell\.m2\repository\org\jsoup\jsoup\1.8.3\jsoup-1.8.3.jar;C:\Users\dell\.m2\repository\org\xerial\sqlite-jdbc\3.8.11.1\sqlite-jdbc-3.8.11.1.jar;C:\Users\dell\.m2\repository\org\freemarker\freemarker\2.3.23\freemarker-2.3.23.jar;C:\Users\dell\.m2\repository\org\mongodb\mongodb-driver\3.0.4\mongodb-driver-3.0.4.jar;C:\Users\dell\.m2\repository\org\mongodb\bson\3.0.4\bson-3.0.4.jar;C:\Users\dell\.m2\repository\org\mongodb\mongodb-driver-core\3.0.4\mongodb-driver-core-3.0.4.jar;C:\Users\dell\.m2\repository\commons-io\commons-io\2.6\commons-io-2.6.jar;C:\Users\dell\.m2\repository\junit\junit\4.11\junit-4.11.jar;C:\Users\dell\.m2\repository\org\hamcrest\hamcrest-core\1.3\hamcrest-core-1.3.jar;"/>
    <property name="sun.cpu.endian" value="little"/>
    <property name="user.home" value="C:\Users\dell"/>
    <property name="user.language" value="en"/>
    <property name="java.specification.vendor" value="Oracle Corporation"/>
    <property name="java.version.date" value="2022-08-18"/>
    <property name="java.home" value="C:\Program Files\Java\jdk-17.0.4.1"/>
    <property name="file.separator" value="\"/>
    <property name="style.color" value="always"/>
    <property name="basedir" value="C:\Users\dell\eclipse-workspace1\CapstoneProject"/>
    <property name="java.vm.compressedOopsMode" value="32-bit"/>
    <property name="line.separator" value="&#10;"/>
    <property name="java.vm.specification.vendor" value="Oracle Corporation"/>
    <property name="java.specification.name" value="Java Platform API Specification"/>
    <property name="surefire.real.class.path" value="C:\Users\dell\AppData\Local\Temp\surefire12015507463862702349\surefirebooter4896599457863258163.jar"/>
    <property name="user.script" value=""/>
    <property name="sun.management.compiler" value="HotSpot 64-Bit Tiered Compilers"/>
    <property name="java.runtime.version" value="17.0.4.1+1-LTS-2"/>
    <property name="user.name" value="dell"/>
    <property name="path.separator" value=";"/>
    <property name="os.version" value="10.0"/>
    <property name="java.runtime.name" value="Java(TM) SE Runtime Environment"/>
    <property name="file.encoding" value="Cp1252"/>
    <property name="java.vm.name" value="Java HotSpot(TM) 64-Bit Server VM"/>
    <property name="localRepository" value="C:\Users\dell\.m2\repository"/>
    <property name="java.vendor.url.bug" value="https://bugreport.java.com/bugreport/"/>
    <property name="java.io.tmpdir" value="C:\Users\dell\AppData\Local\Temp\"/>
    <property name="java.version" value="17.0.4.1"/>
    <property name="user.dir" value="C:\Users\dell\eclipse-workspace1\CapstoneProject"/>
    <property name="os.arch" value="amd64"/>
    <property name="java.vm.specification.name" value="Java Virtual Machine Specification"/>
    <property name="sun.os.patch.level" value=""/>
    <property name="native.encoding" value="Cp1252"/>
    <property name="java.library.path" value="C:\Program Files\Java\jdk-17.0.4.1\bin;C:\Windows\Sun\Java\bin;C:\Windows\system32;C:\Windows;C:/Users/dell/Downloads/eclipse-java-2023-12-R-win32-x86_64/eclipse//plugins/org.eclipse.justj.openjdk.hotspot.jre.full.win32.x86_64_17.0.9.v20231028-0858/jre/bin/server;C:/Users/dell/Downloads/eclipse-java-2023-12-R-win32-x86_64/eclipse//plugins/org.eclipse.justj.openjdk.hotspot.jre.full.win32.x86_64_17.0.9.v20231028-0858/jre/bin;C:\xampp\php;C:\Program Files\Common Files\Oracle\Java\javapath;C:\ProgramData\Oracle\Java\javapath;E:\oracle\product\10.2.0\db_5\bin;C:\oracle1\product\10.2.0\db_3\bin;E:\oracle1\product\10.2.0\db_2\bin;C:\Program Files\Oracle1\product\10.2.0\db_5\bin;E:\oracle\product\10.2.0\db_4\bin;E:\oracle\product\10.2.0\db_1\bin;C:\Program Files (x86)\Common Files\Oracle\Java\javapath;C:\Windows\system32;C:\Windows;C:\Windows\System32\Wbem;C:\Windows\System32\WindowsPowerShell\v1.0\;C:\Windows\System32\OpenSSH\;C:\Program Files (x86)\dotnet\;C:\Program Files\MySQL\MySQL Server 8.0\bin;C:\Program Files\Java\jdk-19\bin;C:\Program Files\maven\apache-maven-3.9.6\bin;C:\Program Files\MySQL\MySQL Shell 8.0\bin\;C:\Program Files\Java\jdk-17.0.4.1\bin;C:\Users\dell\AppData\Local\Programs\Microsoft VS Code\bin;;C:\Users\dell\Downloads\eclipse-java-2023-12-R-win32-x86_64\eclipse;;."/>
    <property name="java.vm.info" value="mixed mode, sharing"/>
    <property name="java.vendor" value="Oracle Corporation"/>
    <property name="java.vm.version" value="17.0.4.1+1-LTS-2"/>
    <property name="sun.io.unicode.encoding" value="UnicodeLittle"/>
    <property name="java.class.version" value="61.0"/>
  </properties>
  <testcase name="Verify_Deposit_With_ValideAmmount" classname="com.cps.qa.testCases.CustomerTransactionPage_Test" time="21.602">
    <failure message="Unable to locate element: //tbody[1]/tr[1]/td[1]&#10;For documentation on this error, please visit: http://seleniumhq.org/exceptions/no_such_element.html&#10;Build info: version: &apos;3.14.0&apos;, revision: &apos;aacccce0&apos;, time: &apos;2018-08-02T20:19:58.91Z&apos;&#10;System info: host: &apos;KARNA&apos;, ip: &apos;192.168.233.91&apos;, os.name: &apos;Windows 10&apos;, os.arch: &apos;amd64&apos;, os.version: &apos;10.0&apos;, java.version: &apos;17.0.4.1&apos;&#10;Driver info: org.openqa.selenium.firefox.FirefoxDriver&#10;Capabilities {acceptInsecureCerts: true, browserName: firefox, browserVersion: 123.0.1, javascriptEnabled: true, moz:accessibilityChecks: false, moz:buildID: 20240304104836, moz:geckodriverVersion: 0.34.0, moz:headless: false, moz:platformVersion: 10.0, moz:processID: 5272, moz:profile: C:\Users\dell\AppData\Local..., moz:shutdownTimeout: 60000, moz:webdriverClick: true, moz:windowless: false, pageLoadStrategy: normal, platform: WINDOWS, platformName: WINDOWS, proxy: Proxy(), setWindowRect: true, strictFileInteractability: false, timeouts: {implicit: 0, pageLoad: 300000, script: 30000}, unhandledPromptBehavior: dismiss and notify}&#10;Session ID: 112a1039-e72d-4332-94d8-14d0ef60b8e5&#10;*** Element info: {Using=xpath, value=//tbody[1]/tr[1]/td[1]}" type="org.openqa.selenium.NoSuchElementException">org.openqa.selenium.NoSuchElementException: 
Unable to locate element: //tbody[1]/tr[1]/td[1]
For documentation on this error, please visit: http://seleniumhq.org/exceptions/no_such_element.html
Build info: version: '3.14.0', revision: 'aacccce0', time: '2018-08-02T20:19:58.91Z'
System info: host: 'KARNA', ip: '192.168.233.91', os.name: 'Windows 10', os.arch: 'amd64', os.version: '10.0', java.version: '17.0.4.1'
Driver info: org.openqa.selenium.firefox.FirefoxDriver
Capabilities {acceptInsecureCerts: true, browserName: firefox, browserVersion: 123.0.1, javascriptEnabled: true, moz:accessibilityChecks: false, moz:buildID: 20240304104836, moz:geckodriverVersion: 0.34.0, moz:headless: false, moz:platformVersion: 10.0, moz:processID: 5272, moz:profile: C:\Users\dell\AppData\Local..., moz:shutdownTimeout: 60000, moz:webdriverClick: true, moz:windowless: false, pageLoadStrategy: normal, platform: WINDOWS, platformName: WINDOWS, proxy: Proxy(), setWindowRect: true, strictFileInteractability: false, timeouts: {implicit: 0, pageLoad: 300000, script: 30000}, unhandledPromptBehavior: dismiss and notify}
Session ID: 112a1039-e72d-4332-94d8-14d0ef60b8e5
*** Element info: {Using=xpath, value=//tbody[1]/tr[1]/td[1]}
	at com.cps.qa.testCases.CustomerTransactionPage_Test.Verify_Deposit_With_ValideAmmount(CustomerTransactionPage_Test.java:45)
</failure>
    <system-out><![CDATA[[TestNGContentHandler] [WARN] It is strongly recommended to add "<!DOCTYPE suite SYSTEM "http://testng.org/testng-1.0.dtd" >" at the top of your file, otherwise TestNG may fail or not work as expected.
Before navigating to: 'https://www.globalsqa.com/angularJs-protractor/BankingProject/#/login'
Navigated to:'https://www.globalsqa.com/angularJs-protractor/BankingProject/#/login'
Trying to find Element By : By.xpath: //button[normalize-space()='Customer Login']
Found Element By : By.xpath: //button[normalize-space()='Customer Login']
Trying to click on: [[FirefoxDriver: firefox on WINDOWS (112a1039-e72d-4332-94d8-14d0ef60b8e5)] -> xpath: //button[normalize-space()='Customer Login']]
Clicked on: [[FirefoxDriver: firefox on WINDOWS (112a1039-e72d-4332-94d8-14d0ef60b8e5)] -> xpath: //button[normalize-space()='Customer Login']]
Trying to find Element By : By.xpath: //select[@id='userSelect']
Found Element By : By.xpath: //select[@id='userSelect']
Trying to find Element By : By.xpath: .//option[normalize-space(.) = "Hermoine Granger"]
Found Element By : By.xpath: .//option[normalize-space(.) = "Hermoine Granger"]
Trying to click on: [[[[FirefoxDriver: firefox on WINDOWS (112a1039-e72d-4332-94d8-14d0ef60b8e5)] -> xpath: //select[@id='userSelect']]] -> xpath: .//option[normalize-space(.) = "Hermoine Granger"]]
Clicked on: [[[[FirefoxDriver: firefox on WINDOWS (112a1039-e72d-4332-94d8-14d0ef60b8e5)] -> xpath: //select[@id='userSelect']]] -> xpath: .//option[normalize-space(.) = "Hermoine Granger"]]
Trying to find Element By : By.xpath: //button[@type='submit']
Found Element By : By.xpath: //button[@type='submit']
Trying to click on: [[FirefoxDriver: firefox on WINDOWS (112a1039-e72d-4332-94d8-14d0ef60b8e5)] -> xpath: //button[@type='submit']]
Clicked on: [[FirefoxDriver: firefox on WINDOWS (112a1039-e72d-4332-94d8-14d0ef60b8e5)] -> xpath: //button[@type='submit']]
Trying to find Element By : By.xpath: //button[normalize-space()='Transactions']
Found Element By : By.xpath: //button[normalize-space()='Transactions']
Trying to click on: [[FirefoxDriver: firefox on WINDOWS (112a1039-e72d-4332-94d8-14d0ef60b8e5)] -> xpath: //button[normalize-space()='Transactions']]
Clicked on: [[FirefoxDriver: firefox on WINDOWS (112a1039-e72d-4332-94d8-14d0ef60b8e5)] -> xpath: //button[normalize-space()='Transactions']]
Trying to find Element By : By.xpath: //input[@id='start']
Found Element By : By.xpath: //input[@id='start']
Trying to find Element By : By.xpath: //input[@id='end']
Found Element By : By.xpath: //input[@id='end']
Trying to find Element By : By.xpath: //body//div[@class='ng-scope']//div[@class='ng-scope']//div[2]
Found Element By : By.xpath: //body//div[@class='ng-scope']//div[@class='ng-scope']//div[2]
Trying to click on: [[FirefoxDriver: firefox on WINDOWS (112a1039-e72d-4332-94d8-14d0ef60b8e5)] -> xpath: //body//div[@class='ng-scope']//div[@class='ng-scope']//div[2]]
Clicked on: [[FirefoxDriver: firefox on WINDOWS (112a1039-e72d-4332-94d8-14d0ef60b8e5)] -> xpath: //body//div[@class='ng-scope']//div[@class='ng-scope']//div[2]]
Trying to find Element By : By.xpath: //tbody[1]/tr[1]/td[1]
Exception occured: org.openqa.selenium.NoSuchElementException: Unable to locate element: //tbody[1]/tr[1]/td[1]
For documentation on this error, please visit: http://seleniumhq.org/exceptions/no_such_element.html
Build info: version: '3.14.0', revision: 'aacccce0', time: '2018-08-02T20:19:58.91Z'
System info: host: 'KARNA', ip: '192.168.233.91', os.name: 'Windows 10', os.arch: 'amd64', os.version: '10.0', java.version: '17.0.4.1'
Driver info: org.openqa.selenium.firefox.FirefoxDriver
Capabilities {acceptInsecureCerts: true, browserName: firefox, browserVersion: 123.0.1, javascriptEnabled: true, moz:accessibilityChecks: false, moz:buildID: 20240304104836, moz:geckodriverVersion: 0.34.0, moz:headless: false, moz:platformVersion: 10.0, moz:processID: 5272, moz:profile: C:\Users\dell\AppData\Local..., moz:shutdownTimeout: 60000, moz:webdriverClick: true, moz:windowless: false, pageLoadStrategy: normal, platform: WINDOWS, platformName: WINDOWS, proxy: Proxy(), setWindowRect: true, strictFileInteractability: false, timeouts: {implicit: 0, pageLoad: 300000, script: 30000}, unhandledPromptBehavior: dismiss and notify}
Session ID: 112a1039-e72d-4332-94d8-14d0ef60b8e5
*** Element info: {Using=xpath, value=//tbody[1]/tr[1]/td[1]}
]]></system-out>
    <system-err><![CDATA[1709811024036	geckodriver	INFO	Listening on 127.0.0.1:22742
1709811024408	mozrunner::runner	INFO	Running command: "C:\\Program Files\\Mozilla Firefox\\firefox.exe" "--marionette" "-no-remote" "-profile" "C:\\Users\\dell\\AppData\\Local\\Temp\\rust_mozprofileueGyEm"
console.warn: services.settings: Ignoring preference override of remote settings server
console.warn: services.settings: Allow by setting MOZ_REMOTE_SETTINGS_DEVTOOLS=1 in the environment
1709811025109	Marionette	INFO	Marionette enabled
Dynamically enable window occlusion 0
1709811025303	Marionette	INFO	Listening on port 61845
Read port: 61845
1709811025742	RemoteAgent	WARN	TLS certificate errors will be ignored for this session
Mar 07, 2024 5:00:28 PM org.openqa.selenium.remote.ProtocolHandshake createSession
INFO: Detected dialect: W3C
console.warn: LoginRecipes: "Falling back to a synchronous message for: https://www.globalsqa.com."
]]></system-err>
  </testcase>
  <testcase name="customerlogin" classname="com.cps.qa.testCases.CustomerLogin_Test" time="1.919"/>
  <testcase name="DeleteCustomerEntry" classname="com.cps.qa.testCases.CustomersPage_Test" time="0.981"/>
  <testcase name="AddCustomer_NotExist" classname="com.cps.qa.testCases.AddCustomerPage_Test" time="1.028"/>
  <testcase name="OpenAccount" classname="com.cps.qa.testCases.OpenAccountPage_Test" time="12.461"/>
  <testcase name="Verify_Deposit_With_ValideAmmount" classname="com.cps.qa.testCases.AccountPage_Test" time="2.855"/>
  <testcase name="AddCustomer_Exist" classname="com.cps.qa.testCases.AddCustomerPage_Test" time="2.658"/>
  <testcase name="Verify_Deposit_With_InValideAmmount" classname="com.cps.qa.testCases.AccountPage_Test" time="2.811"/>
  <testcase name="Verify_Withdraw_With_ValideAmmount" classname="com.cps.qa.testCases.AccountPage_Test" time="13.494"/>
  <testcase name="Verify_Withdraw_With_InValideAmmount" classname="com.cps.qa.testCases.AccountPage_Test" time="11.717"/>
  <testcase name="Verify_Withdraw_With_InSufficient" classname="com.cps.qa.testCases.AccountPage_Test" time="13.526"/>
</testsuite>