<?xml version="1.0" encoding="UTF-8"?>
<testng-results ignored="0" total="11" passed="10" failed="1" skipped="0">
  <reporter-output>
  </reporter-output>
  <suite started-at="2024-03-08T06:17:26Z" name="Suite" finished-at="2024-03-08T06:19:36Z" duration-ms="129439">
    <groups>
    </groups>
    <test started-at="2024-03-08T06:17:26Z" name="Test" finished-at="2024-03-08T06:19:36Z" duration-ms="129439">
      <class name="com.cps.qa.testCases.CustomerLogin_Test">
        <test-method is-config="true" signature="setUp()[pri:0, instance:com.cps.qa.testCases.CustomerLogin_Test@4686afc2]" started-at="2024-03-08T11:47:35Z" name="setUp" finished-at="2024-03-08T11:47:38Z" duration-ms="3242" status="PASS">
          <reporter-output>
          </reporter-output>
        </test-method> <!-- setUp -->
        <test-method signature="customerlogin()[pri:1, instance:com.cps.qa.testCases.CustomerLogin_Test@4686afc2]" started-at="2024-03-08T11:47:38Z" name="customerlogin" finished-at="2024-03-08T11:47:41Z" duration-ms="2521" status="PASS">
          <reporter-output>
          </reporter-output>
        </test-method> <!-- customerlogin -->
        <test-method is-config="true" signature="tearDown()[pri:0, instance:com.cps.qa.testCases.CustomerLogin_Test@4686afc2]" started-at="2024-03-08T11:47:41Z" name="tearDown" finished-at="2024-03-08T11:47:41Z" duration-ms="213" status="PASS">
          <reporter-output>
          </reporter-output>
        </test-method> <!-- tearDown -->
      </class> <!-- com.cps.qa.testCases.CustomerLogin_Test -->
      <class name="com.cps.qa.testCases.CustomerTransactionPage_Test">
        <test-method is-config="true" signature="setUp()[pri:0, instance:com.cps.qa.testCases.CustomerTransactionPage_Test@229c6181]" started-at="2024-03-08T11:47:26Z" name="setUp" finished-at="2024-03-08T11:47:32Z" duration-ms="5832" status="PASS">
          <reporter-output>
          </reporter-output>
        </test-method> <!-- setUp -->
        <test-method signature="Verify_Deposit_With_ValideAmmount()[pri:1, instance:com.cps.qa.testCases.CustomerTransactionPage_Test@229c6181]" started-at="2024-03-08T11:47:32Z" name="Verify_Deposit_With_ValideAmmount" finished-at="2024-03-08T11:47:35Z" duration-ms="2898" status="PASS">
          <reporter-output>
          </reporter-output>
        </test-method> <!-- Verify_Deposit_With_ValideAmmount -->
        <test-method is-config="true" signature="tearDown()[pri:0, instance:com.cps.qa.testCases.CustomerTransactionPage_Test@229c6181]" started-at="2024-03-08T11:47:35Z" name="tearDown" finished-at="2024-03-08T11:47:35Z" duration-ms="227" status="PASS">
          <reporter-output>
          </reporter-output>
        </test-method> <!-- tearDown -->
      </class> <!-- com.cps.qa.testCases.CustomerTransactionPage_Test -->
      <class name="com.cps.qa.testCases.CustomersPage_Test">
        <test-method is-config="true" signature="setUp()[pri:0, instance:com.cps.qa.testCases.CustomersPage_Test@1e0b4072]" started-at="2024-03-08T11:47:41Z" name="setUp" finished-at="2024-03-08T11:47:45Z" duration-ms="3825" status="PASS">
          <reporter-output>
          </reporter-output>
        </test-method> <!-- setUp -->
        <test-method signature="DeleteCustomerEntry()[pri:1, instance:com.cps.qa.testCases.CustomersPage_Test@1e0b4072]" started-at="2024-03-08T11:47:45Z" name="DeleteCustomerEntry" finished-at="2024-03-08T11:47:46Z" duration-ms="1260" status="PASS">
          <reporter-output>
          </reporter-output>
        </test-method> <!-- DeleteCustomerEntry -->
        <test-method is-config="true" signature="tearDown()[pri:0, instance:com.cps.qa.testCases.CustomersPage_Test@1e0b4072]" started-at="2024-03-08T11:47:46Z" name="tearDown" finished-at="2024-03-08T11:47:46Z" duration-ms="203" status="PASS">
          <reporter-output>
          </reporter-output>
        </test-method> <!-- tearDown -->
      </class> <!-- com.cps.qa.testCases.CustomersPage_Test -->
      <class name="com.cps.qa.testCases.AddCustomerPage_Test">
        <test-method is-config="true" signature="setUp()[pri:0, instance:com.cps.qa.testCases.AddCustomerPage_Test@791f145a]" started-at="2024-03-08T11:47:46Z" name="setUp" finished-at="2024-03-08T11:47:51Z" duration-ms="4088" status="PASS">
          <reporter-output>
          </reporter-output>
        </test-method> <!-- setUp -->
        <test-method signature="AddCustomer_NotExist()[pri:1, instance:com.cps.qa.testCases.AddCustomerPage_Test@791f145a]" started-at="2024-03-08T11:47:51Z" name="AddCustomer_NotExist" finished-at="2024-03-08T11:47:53Z" duration-ms="2198" status="PASS">
          <reporter-output>
          </reporter-output>
        </test-method> <!-- AddCustomer_NotExist -->
        <test-method is-config="true" signature="tearDown()[pri:0, instance:com.cps.qa.testCases.AddCustomerPage_Test@791f145a]" started-at="2024-03-08T11:47:53Z" name="tearDown" finished-at="2024-03-08T11:47:53Z" duration-ms="311" status="PASS">
          <reporter-output>
          </reporter-output>
        </test-method> <!-- tearDown -->
        <test-method is-config="true" signature="setUp()[pri:0, instance:com.cps.qa.testCases.AddCustomerPage_Test@791f145a]" started-at="2024-03-08T11:48:20Z" name="setUp" finished-at="2024-03-08T11:48:24Z" duration-ms="3934" status="PASS">
          <reporter-output>
          </reporter-output>
        </test-method> <!-- setUp -->
        <test-method signature="AddCustomer_Exist()[pri:2, instance:com.cps.qa.testCases.AddCustomerPage_Test@791f145a]" started-at="2024-03-08T11:48:24Z" name="AddCustomer_Exist" finished-at="2024-03-08T11:48:28Z" depends-on-methods="com.cps.qa.testCases.AddCustomerPage_Test.AddCustomer_NotExist" duration-ms="4056" status="PASS">
          <reporter-output>
          </reporter-output>
        </test-method> <!-- AddCustomer_Exist -->
        <test-method is-config="true" signature="tearDown()[pri:0, instance:com.cps.qa.testCases.AddCustomerPage_Test@791f145a]" started-at="2024-03-08T11:48:28Z" name="tearDown" finished-at="2024-03-08T11:48:28Z" duration-ms="237" status="PASS">
          <reporter-output>
          </reporter-output>
        </test-method> <!-- tearDown -->
      </class> <!-- com.cps.qa.testCases.AddCustomerPage_Test -->
      <class name="com.cps.qa.testCases.AccountPage_Test">
        <test-method is-config="true" signature="setUp()[pri:0, instance:com.cps.qa.testCases.AccountPage_Test@f09733f]" started-at="2024-03-08T11:48:10Z" name="setUp" finished-at="2024-03-08T11:48:15Z" duration-ms="4752" status="PASS">
          <reporter-output>
          </reporter-output>
        </test-method> <!-- setUp -->
        <test-method signature="Verify_Deposit_With_ValideAmmount()[pri:1, instance:com.cps.qa.testCases.AccountPage_Test@f09733f]" started-at="2024-03-08T11:48:15Z" name="Verify_Deposit_With_ValideAmmount" finished-at="2024-03-08T11:48:19Z" duration-ms="4306" status="PASS">
          <reporter-output>
          </reporter-output>
        </test-method> <!-- Verify_Deposit_With_ValideAmmount -->
        <test-method is-config="true" signature="tearDown()[pri:0, instance:com.cps.qa.testCases.AccountPage_Test@f09733f]" started-at="2024-03-08T11:48:19Z" name="tearDown" finished-at="2024-03-08T11:48:20Z" duration-ms="243" status="PASS">
          <reporter-output>
          </reporter-output>
        </test-method> <!-- tearDown -->
        <test-method is-config="true" signature="setUp()[pri:0, instance:com.cps.qa.testCases.AccountPage_Test@f09733f]" started-at="2024-03-08T11:48:28Z" name="setUp" finished-at="2024-03-08T11:48:33Z" duration-ms="4734" status="PASS">
          <reporter-output>
          </reporter-output>
        </test-method> <!-- setUp -->
        <test-method signature="Verify_Deposit_With_InValideAmmount()[pri:2, instance:com.cps.qa.testCases.AccountPage_Test@f09733f]" started-at="2024-03-08T11:48:33Z" name="Verify_Deposit_With_InValideAmmount" finished-at="2024-03-08T11:48:35Z" duration-ms="2516" status="FAIL">
          <exception class="java.lang.AssertionError">
            <message>
              <![CDATA[expected [true] but found [false]]]>
            </message>
            <full-stacktrace>
              <![CDATA[java.lang.AssertionError: expected [true] but found [false]
	at org.testng.Assert.fail(Assert.java:93)
	at org.testng.Assert.failNotEquals(Assert.java:512)
	at org.testng.Assert.assertTrue(Assert.java:41)
	at org.testng.Assert.assertTrue(Assert.java:51)
	at com.cps.qa.pages.AccountPage.InValidDeposit(AccountPage.java:179)
	at com.cps.qa.testCases.AccountPage_Test.Verify_Deposit_With_InValideAmmount(AccountPage_Test.java:49)
	at java.base/jdk.internal.reflect.NativeMethodAccessorImpl.invoke0(Native Method)
	at java.base/jdk.internal.reflect.NativeMethodAccessorImpl.invoke(NativeMethodAccessorImpl.java:77)
	at java.base/jdk.internal.reflect.DelegatingMethodAccessorImpl.invoke(DelegatingMethodAccessorImpl.java:43)
	at java.base/java.lang.reflect.Method.invoke(Method.java:568)
	at org.testng.internal.MethodInvocationHelper.invokeMethod(MethodInvocationHelper.java:108)
	at org.testng.internal.Invoker.invokeMethod(Invoker.java:661)
	at org.testng.internal.Invoker.invokeTestMethod(Invoker.java:869)
	at org.testng.internal.Invoker.invokeTestMethods(Invoker.java:1193)
	at org.testng.internal.TestMethodWorker.invokeTestMethods(TestMethodWorker.java:126)
	at org.testng.internal.TestMethodWorker.run(TestMethodWorker.java:109)
	at org.testng.TestRunner.privateRun(TestRunner.java:744)
	at org.testng.TestRunner.run(TestRunner.java:602)
	at org.testng.SuiteRunner.runTest(SuiteRunner.java:380)
	at org.testng.SuiteRunner.runSequentially(SuiteRunner.java:375)
	at org.testng.SuiteRunner.privateRun(SuiteRunner.java:340)
	at org.testng.SuiteRunner.run(SuiteRunner.java:289)
	at org.testng.SuiteRunnerWorker.runSuite(SuiteRunnerWorker.java:52)
	at org.testng.SuiteRunnerWorker.run(SuiteRunnerWorker.java:86)
	at org.testng.TestNG.runSuitesSequentially(TestNG.java:1301)
	at org.testng.TestNG.runSuitesLocally(TestNG.java:1226)
	at org.testng.TestNG.runSuites(TestNG.java:1144)
	at org.testng.TestNG.run(TestNG.java:1115)
	at org.apache.maven.surefire.testng.TestNGExecutor.run(TestNGExecutor.java:283)
	at org.apache.maven.surefire.testng.TestNGXmlTestSuite.execute(TestNGXmlTestSuite.java:75)
	at org.apache.maven.surefire.testng.TestNGProvider.invoke(TestNGProvider.java:120)
	at org.apache.maven.surefire.booter.ForkedBooter.invokeProviderInSameClassLoader(ForkedBooter.java:384)
	at org.apache.maven.surefire.booter.ForkedBooter.runSuitesInProcess(ForkedBooter.java:345)
	at org.apache.maven.surefire.booter.ForkedBooter.execute(ForkedBooter.java:126)
	at org.apache.maven.surefire.booter.ForkedBooter.main(ForkedBooter.java:418)
]]>
            </full-stacktrace>
          </exception> <!-- java.lang.AssertionError -->
          <reporter-output>
          </reporter-output>
        </test-method> <!-- Verify_Deposit_With_InValideAmmount -->
        <test-method is-config="true" signature="tearDown()[pri:0, instance:com.cps.qa.testCases.AccountPage_Test@f09733f]" started-at="2024-03-08T11:48:35Z" name="tearDown" finished-at="2024-03-08T11:48:35Z" duration-ms="227" status="PASS">
          <reporter-output>
          </reporter-output>
        </test-method> <!-- tearDown -->
        <test-method is-config="true" signature="setUp()[pri:0, instance:com.cps.qa.testCases.AccountPage_Test@f09733f]" started-at="2024-03-08T11:48:35Z" name="setUp" finished-at="2024-03-08T11:48:40Z" duration-ms="5009" status="PASS">
          <reporter-output>
          </reporter-output>
        </test-method> <!-- setUp -->
        <test-method signature="Verify_Withdraw_With_ValideAmmount()[pri:3, instance:com.cps.qa.testCases.AccountPage_Test@f09733f]" started-at="2024-03-08T11:48:40Z" name="Verify_Withdraw_With_ValideAmmount" finished-at="2024-03-08T11:48:56Z" duration-ms="15649" status="PASS">
          <reporter-output>
          </reporter-output>
        </test-method> <!-- Verify_Withdraw_With_ValideAmmount -->
        <test-method is-config="true" signature="tearDown()[pri:0, instance:com.cps.qa.testCases.AccountPage_Test@f09733f]" started-at="2024-03-08T11:48:56Z" name="tearDown" finished-at="2024-03-08T11:48:56Z" duration-ms="252" status="PASS">
          <reporter-output>
          </reporter-output>
        </test-method> <!-- tearDown -->
        <test-method is-config="true" signature="setUp()[pri:0, instance:com.cps.qa.testCases.AccountPage_Test@f09733f]" started-at="2024-03-08T11:48:56Z" name="setUp" finished-at="2024-03-08T11:49:02Z" duration-ms="5526" status="PASS">
          <reporter-output>
          </reporter-output>
        </test-method> <!-- setUp -->
        <test-method signature="Verify_Withdraw_With_InValideAmmount()[pri:4, instance:com.cps.qa.testCases.AccountPage_Test@f09733f]" started-at="2024-03-08T11:49:02Z" name="Verify_Withdraw_With_InValideAmmount" finished-at="2024-03-08T11:49:15Z" duration-ms="12950" status="PASS">
          <reporter-output>
          </reporter-output>
        </test-method> <!-- Verify_Withdraw_With_InValideAmmount -->
        <test-method is-config="true" signature="tearDown()[pri:0, instance:com.cps.qa.testCases.AccountPage_Test@f09733f]" started-at="2024-03-08T11:49:15Z" name="tearDown" finished-at="2024-03-08T11:49:15Z" duration-ms="264" status="PASS">
          <reporter-output>
          </reporter-output>
        </test-method> <!-- tearDown -->
        <test-method is-config="true" signature="setUp()[pri:0, instance:com.cps.qa.testCases.AccountPage_Test@f09733f]" started-at="2024-03-08T11:49:15Z" name="setUp" finished-at="2024-03-08T11:49:20Z" duration-ms="4581" status="PASS">
          <reporter-output>
          </reporter-output>
        </test-method> <!-- setUp -->
        <test-method signature="Verify_Withdraw_With_InSufficient()[pri:5, instance:com.cps.qa.testCases.AccountPage_Test@f09733f]" started-at="2024-03-08T11:49:20Z" name="Verify_Withdraw_With_InSufficient" finished-at="2024-03-08T11:49:35Z" duration-ms="15873" status="PASS">
          <reporter-output>
          </reporter-output>
        </test-method> <!-- Verify_Withdraw_With_InSufficient -->
        <test-method is-config="true" signature="tearDown()[pri:0, instance:com.cps.qa.testCases.AccountPage_Test@f09733f]" started-at="2024-03-08T11:49:35Z" name="tearDown" finished-at="2024-03-08T11:49:36Z" duration-ms="228" status="PASS">
          <reporter-output>
          </reporter-output>
        </test-method> <!-- tearDown -->
      </class> <!-- com.cps.qa.testCases.AccountPage_Test -->
      <class name="com.cps.qa.testCases.OpenAccountPage_Test">
        <test-method is-config="true" signature="setUp()[pri:0, instance:com.cps.qa.testCases.OpenAccountPage_Test@4b45a2f5]" started-at="2024-03-08T11:47:53Z" name="setUp" finished-at="2024-03-08T11:47:57Z" duration-ms="3975" status="PASS">
          <reporter-output>
          </reporter-output>
        </test-method> <!-- setUp -->
        <test-method signature="OpenAccount()[pri:1, instance:com.cps.qa.testCases.OpenAccountPage_Test@4b45a2f5]" started-at="2024-03-08T11:47:57Z" name="OpenAccount" finished-at="2024-03-08T11:48:10Z" duration-ms="12941" status="PASS">
          <reporter-output>
          </reporter-output>
        </test-method> <!-- OpenAccount -->
        <test-method is-config="true" signature="tearDown()[pri:0, instance:com.cps.qa.testCases.OpenAccountPage_Test@4b45a2f5]" started-at="2024-03-08T11:48:10Z" name="tearDown" finished-at="2024-03-08T11:48:10Z" duration-ms="316" status="PASS">
          <reporter-output>
          </reporter-output>
        </test-method> <!-- tearDown -->
      </class> <!-- com.cps.qa.testCases.OpenAccountPage_Test -->
    </test> <!-- Test -->
  </suite> <!-- Suite -->
</testng-results>
